<?xml version="1.0" encoding="UTF-8"?>
<!-- Generated by org.testng.reporters.JUnitReportReporter -->
<testsuite hostname="Anita-Laptop" failures="0" tests="3" name="priority_Demo.testng_Priority_Demo" time="0.033" errors="0" timestamp="16 Apr 2019 16:20:10 GMT" skipped="0">
  <testcase classname="priority_Demo.testng_Priority_Demo" name="test2" time="0.027"/>
  <testcase classname="priority_Demo.testng_Priority_Demo" name="test1" time="0.003"/>
  <testcase classname="priority_Demo.testng_Priority_Demo" name="test3" time="0.003"/>
</testsuite> <!-- priority_Demo.testng_Priority_Demo -->
