<?xml version="1.0" encoding="UTF-8"?>
<!-- Generated by org.testng.reporters.JUnitReportReporter -->
<testsuite hostname="Anita-Laptop" failures="0" tests="3" name="listeners_Pkg.testng_Listener_Demo2" time="0.007" errors="0" timestamp="16 Apr 2019 16:08:06 GMT" skipped="1">
  <testcase classname="listeners_Pkg.testng_Listener_Demo2" name="test4" time="0.002"/>
  <testcase classname="listeners_Pkg.testng_Listener_Demo2" name="test6" time="0.004">
    <skipped/>
  </testcase> <!-- test6 -->
  <testcase classname="listeners_Pkg.testng_Listener_Demo2" name="test5" time="0.001"/>
</testsuite> <!-- listeners_Pkg.testng_Listener_Demo2 -->
