<?xml version="1.0" encoding="UTF-8"?>
<!-- Generated by org.testng.reporters.JUnitReportReporter -->
<testsuite hostname="Anita-Laptop" failures="0" tests="3" name="utils_pkg.excel_DataProvider" time="10.587" errors="0" timestamp="10 Apr 2019 15:51:17 GMT" skipped="0">
  <testcase classname="utils_pkg.excel_DataProvider" name="print_Data" time="3.482"/>
  <testcase classname="utils_pkg.excel_DataProvider" name="print_Data" time="2.878"/>
  <testcase classname="utils_pkg.excel_DataProvider" name="print_Data" time="4.227"/>
</testsuite> <!-- utils_pkg.excel_DataProvider -->
