<?xml version="1.0" encoding="UTF-8"?>
<!-- Generated by org.testng.reporters.JUnitReportReporter -->
<testsuite hostname="Anita-Laptop" failures="0" tests="2" name="selenium_Test.extent_Report_TestNG" time="2.534" errors="0" timestamp="02 Apr 2019 19:30:25 GMT" skipped="0">
  <testcase classname="selenium_Test.extent_Report_TestNG" name="testCase1" time="2.526"/>
  <testcase classname="selenium_Test.extent_Report_TestNG" name="testCase2" time="0.008"/>
</testsuite> <!-- selenium_Test.extent_Report_TestNG -->
