<?xml version="1.0" encoding="UTF-8"?>
<!-- Generated by org.testng.reporters.JUnitReportReporter -->
<testsuite hostname="Anita-Laptop" failures="0" tests="1" name="selenium_Test.googleSearch_With_TestNG" time="12.718" errors="0" timestamp="05 Apr 2019 16:46:44 GMT" skipped="0">
  <testcase classname="selenium_Test.googleSearch_With_TestNG" name="google_Search" time="12.718"/>
</testsuite> <!-- selenium_Test.googleSearch_With_TestNG -->
